[debug] [2021-12-05T05:01:01.191Z] ----------------------------------------------------------------------
[debug] [2021-12-05T05:01:01.194Z] Command:       C:\Program Files\nodejs\node.exe C:\Users\TAMIL\AppData\Roaming\npm\node_modules\firebase-tools\lib\bin\firebase.js init
[debug] [2021-12-05T05:01:01.195Z] CLI Version:   9.23.0
[debug] [2021-12-05T05:01:01.195Z] Platform:      win32
[debug] [2021-12-05T05:01:01.195Z] Node Version:  v16.13.0
[debug] [2021-12-05T05:01:01.196Z] Time:          Sat Dec 04 2021 21:01:01 GMT-0800 (Pacific Standard Time)
[debug] [2021-12-05T05:01:01.197Z] ----------------------------------------------------------------------
[debug] 
[debug] [2021-12-05T05:01:01.207Z] > command requires scopes: ["email","openid","https://www.googleapis.com/auth/cloudplatformprojects.readonly","https://www.googleapis.com/auth/firebase","https://www.googleapis.com/auth/cloud-platform"]
[debug] [2021-12-05T05:01:01.207Z] > authorizing via signed-in user (tamil97mca@gmail.com)
[info] 
     ######## #### ########  ######## ########     ###     ######  ########
     ##        ##  ##     ## ##       ##     ##  ##   ##  ##       ##
     ######    ##  ########  ######   ########  #########  ######  ######
     ##        ##  ##    ##  ##       ##     ## ##     ##       ## ##
     ##       #### ##     ## ######## ########  ##     ##  ######  ########

You're about to initialize a Firebase project in this directory:

  E:\PROJECT FOLDER\ANGULAR PROJECT\New folder\OnlineGrocery

[info] 
=== Project Setup
[info] 
[info] First, let's associate this project directory with a Firebase project.
[info] You can create multiple project aliases by running firebase use --add, 
[info] but for now we'll just set up a default project.
[info] 
[debug] [2021-12-05T05:02:17.401Z] >>> [apiv2][query] GET https://firebase.googleapis.com/v1beta1/projects pageSize=100
[debug] [2021-12-05T05:02:18.109Z] <<< [apiv2][status] GET https://firebase.googleapis.com/v1beta1/projects 200
[debug] [2021-12-05T05:02:18.110Z] <<< [apiv2][body] GET https://firebase.googleapis.com/v1beta1/projects [omitted]
[info] i  Using project grocery-ninja-53b54 (Grocery Ninja) 
[info] 
=== Hosting:github Setup
[info] 
[info] i  Detected a .git folder at E:\PROJECT FOLDER\ANGULAR PROJECT\New folder\OnlineGrocery 
[info] i  Authorizing with GitHub to upload your service account to a GitHub repository's secrets store. 
[info] 
[info] Visit this URL on this device to log in:
[info] https://github.com/login/oauth/authorize?client_id=89cf50f02ac6aaed3484&state=843473808&redirect_uri=http%3A%2F%2Flocalhost%3A9005&scope=read%3Auser%20repo%20public_repo
[info] 
[info] Waiting for authentication...
